<?xml version="1.0" encoding="UTF-8"?>
<!-- Generated by org.testng.reporters.JUnitReportReporter -->
<testsuite hostname="DESKTOP-KRO9T2E" failures="0" tests="2" name="testRunner.TestRunner" time="18.221" errors="0" timestamp="2022-01-03T16:40:41 IST" skipped="0">
  <testcase classname="testRunner.TestRunner" name="runScenario" time="10.380"/>
  <system-out/>
  <testcase classname="testRunner.TestRunner" name="runScenario" time="7.841"/>
  <system-out/>
</testsuite> <!-- testRunner.TestRunner -->
